<?xml version='1.0' encoding='UTF-8'?>
<testsuite hostname="HYB-snQaDBUbrms" name="dmpsnn.NeuronBankSpec" tests="2" errors="0" failures="0" skipped="0" time="5.683" timestamp="2026-06-19T16:55:22">
          <properties>
[...]
</properties>
          <testcase classname="dmpsnn.NeuronBankSpec" name="NeuronBank should apply leak and accumulate inputs" time="5.509">
                      
                    </testcase><testcase classname="dmpsnn.NeuronBankSpec" name="NeuronBank should fire spikes when threshold is exceeded" time="0.174">
                      
                    </testcase>
          <system-out><![CDATA[]]></system-out>
          <system-err><![CDATA[]]></system-err>
        </testsuite>